<?xml version="1.0" encoding="UTF-8"?>
<!-- Generated by org.testng.reporters.JUnitReportReporter -->
<testsuite name="uk.nhs.ers.techtest.TestNGStories" tests="2" failures="0" timestamp="15 Nov 2013 17:27:31 GMT" time="59.645" errors="0">
  <testcase name="run" time="40.926" classname="uk.nhs.ers.techtest.TestNGStories"/>
  <testcase name="run" time="18.719" classname="uk.nhs.ers.techtest.TestNGStories"/>
</testsuite>
